#
# A fatal error has been detected by the Java Runtime Environment:
#
#  EXCEPTION_ACCESS_VIOLATION (0xc0000005) at pc=0x00007ffb5ea515a0, pid=5276, tid=1232
#
# JRE version: OpenJDK Runtime Environment Temurin-17.0.12+7 (17.0.12+7) (build 17.0.12+7)
# Java VM: OpenJDK 64-Bit Server VM Temurin-17.0.12+7 (17.0.12+7, mixed mode, tiered, compressed oops, compressed class ptrs, parallel gc, windows-amd64)
# Problematic frame:
# V  [jvm.dll+0x6b15a0]
#
# No core dump will be written. Minidumps are not enabled by default on client versions of Windows
#
# If you would like to submit a bug report, please visit:
#   https://github.com/adoptium/adoptium-support/issues
#

---------------  S U M M A R Y ------------

Command Line: --add-modules=ALL-SYSTEM --add-opens=java.base/java.util=ALL-UNNAMED --add-opens=java.base/java.lang=ALL-UNNAMED --add-opens=java.base/sun.nio.fs=ALL-UNNAMED -Declipse.application=org.eclipse.jdt.ls.core.id1 -Dosgi.bundles.defaultStartLevel=4 -Declipse.product=org.eclipse.jdt.ls.core.product -Djava.import.generatesMetadataFilesAtProjectRoot=false -DDetectVMInstallationsJob.disabled=true -Dfile.encoding=utf8 -XX:+UseParallelGC -XX:GCTimeRatio=4 -XX:AdaptiveSizePolicyWeight=90 -Dsun.zip.disableMemoryMapping=true -Xmx1G -Xms100m -Xlog:disable -javaagent:c:\Users\E2Ps ICT\.vscode\extensions\redhat.java-1.35.1-win32-x64\lombok\lombok-1.18.33.jar -XX:+HeapDumpOnOutOfMemoryError -XX:HeapDumpPath=c:\Users\E2Ps ICT\AppData\Roaming\Code\User\workspaceStorage\46580c9d7ca4c0be0d2304e6dc7d4468\redhat.java -Daether.dependencyCollector.impl=bf c:\Users\E2Ps ICT\.vscode\extensions\redhat.java-1.35.1-win32-x64\server\plugins\org.eclipse.equinox.launcher_1.6.900.v20240613-2009.jar -configuration c:\Users\E2Ps ICT\AppData\Roaming\Code\User\globalStorage\redhat.java\1.35.1\config_win -data c:\Users\E2Ps ICT\AppData\Roaming\Code\User\workspaceStorage\46580c9d7ca4c0be0d2304e6dc7d4468\redhat.java\jdt_ws --pipe=\\.\pipe\lsp-99579f81ead1725a59c6e7ae70dfc965-sock

Host: 12th Gen Intel(R) Core(TM) i7-12700K, 20 cores, 31G,  Windows 11 , 64 bit Build 22621 (10.0.22621.3958)
Time: Thu Oct 17 10:01:52 2024 Malay Peninsula Standard Time elapsed time: 363.863452 seconds (0d 0h 6m 3s)

---------------  T H R E A D  ---------------

Current thread (0x00000272a8d5b230):  GCTaskThread "GC Thread#8" [stack: 0x00000079e2200000,0x00000079e2300000] [id=1232]

Stack: [0x00000079e2200000,0x00000079e2300000],  sp=0x00000079e22ffa50,  free space=1022k
Native frames: (J=compiled Java code, j=interpreted, Vv=VM code, C=native code)
V  [jvm.dll+0x6b15a0]
V  [jvm.dll+0x6b274e]
V  [jvm.dll+0x6b36e4]
V  [jvm.dll+0x6ba94c]
V  [jvm.dll+0x6bb7da]
V  [jvm.dll+0x864aab]
V  [jvm.dll+0x864af6]
V  [jvm.dll+0x7e65dc]
V  [jvm.dll+0x67e7f7]
C  [ucrtbase.dll+0x29333]
C  [KERNEL32.DLL+0x1257d]
C  [ntdll.dll+0x5af08]


siginfo: EXCEPTION_ACCESS_VIOLATION (0xc0000005), reading address 0xffffffffffffffff


Registers:
RAX=0x1fffffffe8001000, RBX=0x0000000000008000, RCX=0x0000000000000000, RDX=0x00000000ca53fca4
RSP=0x00000079e22ffa50, RBP=0x00000000ca53fca8, RSI=0x00000001000469b0, RDI=0x00000272a5c31a40
R8 =0x000002729e990000, R9 =0x007fffffffa00040, R10=0x0000000000000047, R11=0x0000000000000003
R12=0x0000000100046778, R13=0x0000000000000010, R14=0x00000000ca53fc90, R15=0x00000001000469b8
RIP=0x00007ffb5ea515a0, EFLAGS=0x0000000000010202


Register to memory mapping:

RIP=0x00007ffb5ea515a0 jvm.dll
RAX=0x1fffffffe8001000 is an unknown value
RBX=0x0000000000008000 is an unknown value
RCX=0x0 is NULL
RDX=0x00000000ca53fca4 is pointing into object: java.lang.ref.SoftReference 
{0x00000000ca53fc90} - klass: 'java/lang/ref/SoftReference'
 - ---- fields (total size 5 words):
 - private 'referent' 'Ljava/lang/Object;' @12  [B{0x00000000ca53fcb8} (ca53fcb8)
 - volatile 'queue' 'Ljava/lang/ref/ReferenceQueue;' @16  a 'java/lang/ref/ReferenceQueue$Null'{0x00000000c0001890} (c0001890)
 - volatile 'next' 'Ljava/lang/ref/Reference;' @20  
[error occurred during error reporting (printing register info), id 0xc0000005, EXCEPTION_ACCESS_VIOLATION (0xc0000005) at pc=0x00007ffb5e734c9e]

Top of Stack: (sp=0x00000079e22ffa50)
0x00000079e22ffa50:   00000272a5c31a40 00007ffb5ea515c1
0x00000079e22ffa60:   00000000ca53fc90 00007ffb5ea5339e
0x00000079e22ffa70:   00000079e22ffb20 00007ffb5ea5274e
0x00000079e22ffa80:   00000000ca53fca4 00007ffb5ea51e2e
0x00000079e22ffa90:   00000000ca53fc8c 00007ffb5ea5339e
0x00000079e22ffaa0:   00007ffb5eed4810 00000079e16fe6a8
0x00000079e22ffab0:   000000000000207e 00007ffb5ed543d8
0x00000079e22ffac0:   00000272a5c31a40 00007ffb5ea536e4
0x00000079e22ffad0:   00007ffb5ed543d8 00007ffb5ecbeb80
0x00000079e22ffae0:   0000000000000000 0000000000001fb9
0x00000079e22ffaf0:   0000000000000000 00007ffb00000000
0x00000079e22ffb00:   0000027200000003 00000272a5c31a40
0x00000079e22ffb10:   0000000000000000 0000000000000000
0x00000079e22ffb20:   00007ffb5ed543d8 000002728cd13190
0x00000079e22ffb30:   0000027200000003 00000272a5c31a40
0x00000079e22ffb40:   0000000000000000 0000000000000000
0x00000079e22ffb50:   000000000000000b 00000000cbcd5d38
0x00000079e22ffb60:   00000000cbcd5d38 000000000000000c
0x00000079e22ffb70:   00000272a5c31a40 00007ffb5ea5a94c
0x00000079e22ffb80:   00000000c6a981a8 00000000cbcd5d30
0x00000079e22ffb90:   00000272a5c31a40 00000000c6a981a8
0x00000079e22ffba0:   00000000cbc9dd28 000000790000d800
0x00000079e22ffbb0:   00007ffb5ed54bc8 00000079e16fe560
0x00000079e22ffbc0:   0000000000000000 0000000000000000
0x00000079e22ffbd0:   000000000000000b 00000079e16fe6a0
0x00000079e22ffbe0:   00000079e16fe668 00000079e16fe560
0x00000079e22ffbf0:   00000079e16fe560 00007ffb5ea5b7da
0x00000079e22ffc00:   0000000000000005 00000079e22ffc80
0x00000079e22ffc10:   0000000000000000 00000272a8d5b230
0x00000079e22ffc20:   00000079e16fed40 00000272a0b8af20
0x00000079e22ffc30:   0000000b00000002 00000272a5c31a40
0x00000079e22ffc40:   00007ffb5ed54bc8 00000272a5c31a40 

Instructions: (pc=0x00007ffb5ea515a0)
0x00007ffb5ea514a0:   33 48 00 49 3b c2 74 03 48 ff e0 c3 cc cc cc cc
0x00007ffb5ea514b0:   80 3d 2f 9f 4d 00 00 4c 8d 15 02 8a 95 ff 49 8b
0x00007ffb5ea514c0:   c2 4c 8d 0d f8 89 95 ff 49 0f 45 c1 48 89 05 5d
0x00007ffb5ea514d0:   33 48 00 49 3b c2 74 03 48 ff e0 c3 cc cc cc cc
0x00007ffb5ea514e0:   48 89 5c 24 08 57 48 83 ec 20 48 8b 1a 48 8b f9
0x00007ffb5ea514f0:   48 85 db 74 4b 4c 8b 05 e4 41 4f 00 48 8b c3 8b
0x00007ffb5ea51500:   0d 33 ed 46 00 49 2b 00 4d 8b 40 10 48 c1 e8 03
0x00007ffb5ea51510:   48 d3 e8 4c 8b c8 24 3f 49 c1 e9 06 0f b6 c8 4b
0x00007ffb5ea51520:   8b 04 c8 48 0f a3 c8 72 17 48 8b cb e8 bf 27 00
0x00007ffb5ea51530:   00 84 c0 74 0b 48 8b d3 48 8b cf e8 a0 28 00 00
0x00007ffb5ea51540:   48 8b 5c 24 30 48 83 c4 20 5f c3 cc cc cc cc cc
0x00007ffb5ea51550:   40 57 48 83 ec 20 8b 02 48 8b f9 85 c0 74 67 8b
0x00007ffb5ea51560:   0d 83 dd 46 00 4c 8b 05 74 41 4f 00 48 89 5c 24
0x00007ffb5ea51570:   30 8b d8 48 d3 e3 48 03 1d 63 dd 46 00 8b 0d b5
0x00007ffb5ea51580:   ec 46 00 48 8b c3 49 2b 00 4d 8b 40 10 48 c1 e8
0x00007ffb5ea51590:   03 48 d3 e8 4c 8b c8 24 3f 49 c1 e9 06 0f b6 c8
0x00007ffb5ea515a0:   4b 8b 04 c8 48 0f a3 c8 72 17 48 8b cb e8 3e 27
0x00007ffb5ea515b0:   00 00 84 c0 74 0b 48 8b d3 48 8b cf e8 1f 28 00
0x00007ffb5ea515c0:   00 48 8b 5c 24 30 48 83 c4 20 5f c3 cc cc cc cc
0x00007ffb5ea515d0:   48 89 5c 24 20 56 57 41 55 41 56 41 57 48 83 ec
0x00007ffb5ea515e0:   20 4c 63 91 a0 00 00 00 4d 8b f0 4c 63 89 24 01
0x00007ffb5ea515f0:   00 00 49 83 c2 39 8b 81 20 01 00 00 4d 03 d1 48
0x00007ffb5ea51600:   89 6c 24 58 49 03 c2 4c 89 64 24 60 4c 8b fa 4c
0x00007ffb5ea51610:   8b e9 4a 8d 2c d5 00 00 00 00 4c 8d 24 c5 00 00
0x00007ffb5ea51620:   00 00 48 03 e9 4c 03 e1 49 3b ec 73 4b 0f 1f 00
0x00007ffb5ea51630:   48 63 5d 00 8b 45 04 49 03 df 48 8d 34 c3 48 3b
0x00007ffb5ea51640:   de 73 2c 48 8b 3b 48 85 ff 74 1b 4d 8b 46 10 48
0x00007ffb5ea51650:   8d 0d 9a 42 4f 00 48 8b d7 e8 42 4d 00 00 48 3b
0x00007ffb5ea51660:   c7 74 03 48 89 03 48 83 c3 08 48 3b de 72 d4 48
0x00007ffb5ea51670:   83 c5 08 49 3b ec 72 b8 49 8b 06 49 8b ce ff 50
0x00007ffb5ea51680:   10 4c 8b 64 24 60 48 8b 6c 24 58 85 c0 0f 84 dc
0x00007ffb5ea51690:   00 00 00 83 e8 01 0f 84 9b 00 00 00 83 e8 01 74 


Stack slot to memory mapping:
stack at sp + 0 slots: 0x00000272a5c31a40 points into unknown readable memory: 0x00000272a0b6aed0 | d0 ae b6 a0 72 02 00 00
stack at sp + 1 slots: 0x00007ffb5ea515c1 jvm.dll
stack at sp + 2 slots: 0x00000000ca53fc90 is an oop: java.lang.ref.SoftReference 
{0x00000000ca53fc90} - klass: 'java/lang/ref/SoftReference'
 - ---- fields (total size 5 words):
 - private 'referent' 'Ljava/lang/Object;' @12  [B{0x00000000ca53fcb8} (ca53fcb8)
 - volatile 'queue' 'Ljava/lang/ref/ReferenceQueue;' @16  a 'java/lang/ref/ReferenceQueue$Null'{0x00000000c0001890} (c0001890)
 - volatile 'next' 'Ljava/lang/ref/Reference;' @20  
[error occurred during error reporting (inspecting top of stack), id 0xc0000005, EXCEPTION_ACCESS_VIOLATION (0xc0000005) at pc=0x00007ffb5e734c9e]


---------------  P R O C E S S  ---------------

Threads class SMR info:
_java_thread_list=0x00000272a5ebe970, length=86, elements={
0x000002728ccfc150, 0x00000272a0b84010, 0x00000272a0b85280, 0x00000272a5cfe020,
0x00000272a5cfe8f0, 0x00000272a5d01390, 0x00000272a5d08040, 0x00000272a5d0cd10,
0x00000272a5d20210, 0x00000272a5d48e80, 0x00000272a5df4680, 0x00000272a8509730,
0x00000272a90ab130, 0x00000272a8449cd0, 0x00000272a8d017b0, 0x00000272a9191f60,
0x00000272a8552df0, 0x00000272a89fa750, 0x00000272a89f9820, 0x00000272a89f9d30,
0x00000272a89f6fa0, 0x00000272a89f83e0, 0x00000272a89f79c0, 0x00000272a89f7ed0,
0x00000272a89f88f0, 0x00000272a89f8e00, 0x00000272a89f9310, 0x00000272aa568a30,
0x00000272aa569450, 0x00000272aa5661b0, 0x00000272aa569960, 0x00000272aa565790,
0x00000272aa5666c0, 0x00000272aa569e70, 0x00000272aa56bcd0, 0x00000272aa566bd0,
0x00000272aa56a380, 0x00000272aa5670e0, 0x00000272aa56b7c0, 0x00000272aa568520,
0x00000272aa568010, 0x00000272aa568f40, 0x00000272aa56a890, 0x00000272aa5675f0,
0x00000272aa56b2b0, 0x00000272aa567b00, 0x00000272aa56c1e0, 0x00000272aa565280,
0x00000272acd0aaf0, 0x00000272acd0b000, 0x00000272acd096b0, 0x00000272acd06920,
0x00000272acd0b510, 0x00000272acd08270, 0x00000272acd0ba20, 0x00000272acd07340,
0x00000272acd06410, 0x00000272acd09bc0, 0x00000272acd091a0, 0x00000272acd0bf30,
0x00000272acd0c440, 0x00000272acd0c950, 0x00000272acd0ce60, 0x00000272acd08780,
0x00000272acd0dd90, 0x00000272acd06e30, 0x00000272acd0d370, 0x00000272acd07d60,
0x00000272b0afe000, 0x00000272b0afe510, 0x00000272b0b00370, 0x00000272b0aff440,
0x00000272b0affe60, 0x00000272b0afef30, 0x00000272b0afdaf0, 0x00000272aa56cc00,
0x00000272acd0a0d0, 0x00000272ad6fdbe0, 0x00000272ad6f8ff0, 0x00000272ad6f85d0,
0x00000272ad6f9f20, 0x00000272ad6fae50, 0x00000272ad6fb870, 0x00000272b0afea20,
0x00000272b0b00880, 0x00000272b0afd5e0
}

Java Threads: ( => current thread )
  0x000002728ccfc150 JavaThread "main" [_thread_blocked, id=9812, stack(0x00000079e1400000,0x00000079e1500000)]
  0x00000272a0b84010 JavaThread "Reference Handler" daemon [_thread_blocked, id=11428, stack(0x00000079e1700000,0x00000079e1800000)]
  0x00000272a0b85280 JavaThread "Finalizer" daemon [_thread_blocked, id=10376, stack(0x00000079e1800000,0x00000079e1900000)]
  0x00000272a5cfe020 JavaThread "Signal Dispatcher" daemon [_thread_blocked, id=2752, stack(0x00000079e1900000,0x00000079e1a00000)]
  0x00000272a5cfe8f0 JavaThread "Attach Listener" daemon [_thread_blocked, id=2852, stack(0x00000079e1a00000,0x00000079e1b00000)]
  0x00000272a5d01390 JavaThread "Service Thread" daemon [_thread_blocked, id=5212, stack(0x00000079e1b00000,0x00000079e1c00000)]
  0x00000272a5d08040 JavaThread "Monitor Deflation Thread" daemon [_thread_blocked, id=13196, stack(0x00000079e1c00000,0x00000079e1d00000)]
  0x00000272a5d0cd10 JavaThread "C2 CompilerThread0" daemon [_thread_blocked, id=16848, stack(0x00000079e1d00000,0x00000079e1e00000)]
  0x00000272a5d20210 JavaThread "C1 CompilerThread0" daemon [_thread_blocked, id=9912, stack(0x00000079e1e00000,0x00000079e1f00000)]
  0x00000272a5d48e80 JavaThread "Sweeper thread" daemon [_thread_blocked, id=2308, stack(0x00000079e1f00000,0x00000079e2000000)]
  0x00000272a5df4680 JavaThread "Common-Cleaner" daemon [_thread_blocked, id=6492, stack(0x00000079e2000000,0x00000079e2100000)]
  0x00000272a8509730 JavaThread "Notification Thread" daemon [_thread_blocked, id=4080, stack(0x00000079e2600000,0x00000079e2700000)]
  0x00000272a90ab130 JavaThread "Active Thread: Equinox Container: ee051a72-2067-4db2-9fe3-129fe7a69449" [_thread_blocked, id=11060, stack(0x00000079e2f00000,0x00000079e3000000)]
  0x00000272a8449cd0 JavaThread "Framework Event Dispatcher: Equinox Container: ee051a72-2067-4db2-9fe3-129fe7a69449" daemon [_thread_blocked, id=15696, stack(0x00000079e2300000,0x00000079e2400000)]
  0x00000272a8d017b0 JavaThread "Start Level: Equinox Container: ee051a72-2067-4db2-9fe3-129fe7a69449" daemon [_thread_blocked, id=17196, stack(0x00000079e2400000,0x00000079e2500000)]
  0x00000272a9191f60 JavaThread "Bundle File Closer" daemon [_thread_blocked, id=5648, stack(0x00000079e2500000,0x00000079e2600000)]
  0x00000272a8552df0 JavaThread "SCR Component Actor" daemon [_thread_blocked, id=14252, stack(0x00000079e3000000,0x00000079e3100000)]
  0x00000272a89fa750 JavaThread "Worker-JM" [_thread_blocked, id=13536, stack(0x00000079e3400000,0x00000079e3500000)]
  0x00000272a89f9820 JavaThread "Worker-0" [_thread_blocked, id=11716, stack(0x00000079e3600000,0x00000079e3700000)]
  0x00000272a89f9d30 JavaThread "Worker-1" [_thread_blocked, id=13188, stack(0x00000079e3700000,0x00000079e3800000)]
  0x00000272a89f6fa0 JavaThread "Java indexing" daemon [_thread_blocked, id=10324, stack(0x00000079e4000000,0x00000079e4100000)]
  0x00000272a89f83e0 JavaThread "JNA Cleaner" daemon [_thread_blocked, id=5204, stack(0x00000079e4100000,0x00000079e4200000)]
  0x00000272a89f79c0 JavaThread "Thread-2" daemon [_thread_in_native, id=6112, stack(0x00000079e4200000,0x00000079e4300000)]
  0x00000272a89f7ed0 JavaThread "Thread-3" daemon [_thread_in_native, id=11408, stack(0x00000079e4300000,0x00000079e4400000)]
  0x00000272a89f88f0 JavaThread "Thread-4" daemon [_thread_in_native, id=17392, stack(0x00000079e4400000,0x00000079e4500000)]
  0x00000272a89f8e00 JavaThread "Thread-5" daemon [_thread_in_native, id=13780, stack(0x00000079e4500000,0x00000079e4600000)]
  0x00000272a89f9310 JavaThread "Thread-6" daemon [_thread_in_native, id=4532, stack(0x00000079e4600000,0x00000079e4700000)]
  0x00000272aa568a30 JavaThread "Thread-7" daemon [_thread_in_native, id=11896, stack(0x00000079e4700000,0x00000079e4800000)]
  0x00000272aa569450 JavaThread "Thread-8" daemon [_thread_in_native, id=13468, stack(0x00000079e4800000,0x00000079e4900000)]
  0x00000272aa5661b0 JavaThread "Thread-9" daemon [_thread_in_native, id=1248, stack(0x00000079e4900000,0x00000079e4a00000)]
  0x00000272aa569960 JavaThread "Thread-10" daemon [_thread_in_native, id=15948, stack(0x00000079e4a00000,0x00000079e4b00000)]
  0x00000272aa565790 JavaThread "Thread-11" daemon [_thread_in_native, id=11692, stack(0x00000079e4b00000,0x00000079e4c00000)]
  0x00000272aa5666c0 JavaThread "Thread-12" daemon [_thread_in_native, id=9532, stack(0x00000079e4c00000,0x00000079e4d00000)]
  0x00000272aa569e70 JavaThread "Thread-13" daemon [_thread_in_native, id=13232, stack(0x00000079e4d00000,0x00000079e4e00000)]
  0x00000272aa56bcd0 JavaThread "Thread-14" daemon [_thread_in_native, id=3148, stack(0x00000079e4e00000,0x00000079e4f00000)]
  0x00000272aa566bd0 JavaThread "Thread-15" daemon [_thread_in_native, id=14360, stack(0x00000079e4f00000,0x00000079e5000000)]
  0x00000272aa56a380 JavaThread "Thread-16" daemon [_thread_in_native, id=13112, stack(0x00000079e5000000,0x00000079e5100000)]
  0x00000272aa5670e0 JavaThread "Thread-17" daemon [_thread_in_native, id=6128, stack(0x00000079e5100000,0x00000079e5200000)]
  0x00000272aa56b7c0 JavaThread "Thread-18" daemon [_thread_in_native, id=11288, stack(0x00000079e5200000,0x00000079e5300000)]
  0x00000272aa568520 JavaThread "Thread-19" daemon [_thread_in_native, id=12068, stack(0x00000079e5300000,0x00000079e5400000)]
  0x00000272aa568010 JavaThread "Thread-20" daemon [_thread_in_native, id=14172, stack(0x00000079e5400000,0x00000079e5500000)]
  0x00000272aa568f40 JavaThread "Thread-21" daemon [_thread_in_native, id=7688, stack(0x00000079e5500000,0x00000079e5600000)]
  0x00000272aa56a890 JavaThread "Thread-22" daemon [_thread_in_native, id=16684, stack(0x00000079e5600000,0x00000079e5700000)]
  0x00000272aa5675f0 JavaThread "pool-2-thread-1" [_thread_blocked, id=14236, stack(0x00000079e5700000,0x00000079e5800000)]
  0x00000272aa56b2b0 JavaThread "WorkspaceEventsHandler" [_thread_blocked, id=7408, stack(0x00000079e5800000,0x00000079e5900000)]
  0x00000272aa567b00 JavaThread "pool-1-thread-1" [_thread_blocked, id=9780, stack(0x00000079e5900000,0x00000079e5a00000)]
  0x00000272aa56c1e0 JavaThread "Worker-2" [_thread_blocked, id=12608, stack(0x00000079e5e00000,0x00000079e5f00000)]
  0x00000272aa565280 JavaThread "Worker-3" [_thread_blocked, id=9772, stack(0x00000079e5f00000,0x00000079e6000000)]
  0x00000272acd0aaf0 JavaThread "Worker-4" [_thread_blocked, id=13376, stack(0x00000079e6100000,0x00000079e6200000)]
  0x00000272acd0b000 JavaThread "ForkJoinPool.commonPool-worker-1" daemon [_thread_blocked, id=15340, stack(0x00000079e6300000,0x00000079e6400000)]
  0x00000272acd096b0 JavaThread "ForkJoinPool.commonPool-worker-2" daemon [_thread_blocked, id=14560, stack(0x00000079e6400000,0x00000079e6500000)]
  0x00000272acd06920 JavaThread "ForkJoinPool.commonPool-worker-3" daemon [_thread_blocked, id=3460, stack(0x00000079e6500000,0x00000079e6600000)]
  0x00000272acd0b510 JavaThread "ForkJoinPool.commonPool-worker-4" daemon [_thread_blocked, id=2612, stack(0x00000079e6600000,0x00000079e6700000)]
  0x00000272acd08270 JavaThread "ForkJoinPool.commonPool-worker-5" daemon [_thread_blocked, id=8812, stack(0x00000079e6700000,0x00000079e6800000)]
  0x00000272acd0ba20 JavaThread "ForkJoinPool.commonPool-worker-6" daemon [_thread_blocked, id=9156, stack(0x00000079e6800000,0x00000079e6900000)]
  0x00000272acd07340 JavaThread "ForkJoinPool.commonPool-worker-7" daemon [_thread_blocked, id=10340, stack(0x00000079e6900000,0x00000079e6a00000)]
  0x00000272acd06410 JavaThread "ForkJoinPool.commonPool-worker-8" daemon [_thread_blocked, id=8400, stack(0x00000079e6a00000,0x00000079e6b00000)]
  0x00000272acd09bc0 JavaThread "ForkJoinPool.commonPool-worker-9" daemon [_thread_blocked, id=5004, stack(0x00000079e6b00000,0x00000079e6c00000)]
  0x00000272acd091a0 JavaThread "Compiler Source File Reader" daemon [_thread_blocked, id=14140, stack(0x00000079e6c00000,0x00000079e6d00000)]
  0x00000272acd0bf30 JavaThread "Compiler Source File Reader" daemon [_thread_blocked, id=17376, stack(0x00000079e6d00000,0x00000079e6e00000)]
  0x00000272acd0c440 JavaThread "Compiler Source File Reader" daemon [_thread_blocked, id=9280, stack(0x00000079e6e00000,0x00000079e6f00000)]
  0x00000272acd0c950 JavaThread "Compiler Source File Reader" daemon [_thread_blocked, id=14476, stack(0x00000079e6f00000,0x00000079e7000000)]
  0x00000272acd0ce60 JavaThread "Compiler Source File Reader" daemon [_thread_blocked, id=11604, stack(0x00000079e7000000,0x00000079e7100000)]
  0x00000272acd08780 JavaThread "Compiler Source File Reader" daemon [_thread_blocked, id=10196, stack(0x00000079e7100000,0x00000079e7200000)]
  0x00000272acd0dd90 JavaThread "Compiler Source File Reader" daemon [_thread_blocked, id=6792, stack(0x00000079e7200000,0x00000079e7300000)]
  0x00000272acd06e30 JavaThread "Compiler Source File Reader" daemon [_thread_blocked, id=11780, stack(0x00000079e7300000,0x00000079e7400000)]
  0x00000272acd0d370 JavaThread "Compiler Source File Reader" daemon [_thread_blocked, id=2764, stack(0x00000079e7400000,0x00000079e7500000)]
  0x00000272acd07d60 JavaThread "Compiler Source File Reader" daemon [_thread_blocked, id=14468, stack(0x00000079e7500000,0x00000079e7600000)]
  0x00000272b0afe000 JavaThread "ForkJoinPool.commonPool-worker-10" daemon [_thread_blocked, id=12064, stack(0x00000079e7700000,0x00000079e7800000)]
  0x00000272b0afe510 JavaThread "Cleaner-0" daemon [_thread_blocked, id=15492, stack(0x00000079e7800000,0x00000079e7900000)]
  0x00000272b0b00370 JavaThread "ForkJoinPool.commonPool-worker-11" daemon [_thread_blocked, id=13916, stack(0x00000079e7900000,0x00000079e7a00000)]
  0x00000272b0aff440 JavaThread "Worker-5" [_thread_blocked, id=14208, stack(0x00000079e7a00000,0x00000079e7b00000)]
  0x00000272b0affe60 JavaThread "ForkJoinPool.commonPool-worker-12" daemon [_thread_blocked, id=10960, stack(0x00000079e3f00000,0x00000079e4000000)]
  0x00000272b0afef30 JavaThread "ForkJoinPool.commonPool-worker-13" daemon [_thread_blocked, id=10988, stack(0x00000079e5a00000,0x00000079e5b00000)]
  0x00000272b0afdaf0 JavaThread "ForkJoinPool.commonPool-worker-14" daemon [_thread_blocked, id=9380, stack(0x00000079e5b00000,0x00000079e5c00000)]
  0x00000272aa56cc00 JavaThread "ForkJoinPool.commonPool-worker-15" daemon [_thread_blocked, id=16520, stack(0x00000079e5c00000,0x00000079e5d00000)]
  0x00000272acd0a0d0 JavaThread "ForkJoinPool.commonPool-worker-16" daemon [_thread_blocked, id=8788, stack(0x00000079e6200000,0x00000079e6300000)]
  0x00000272ad6fdbe0 JavaThread "ForkJoinPool.commonPool-worker-17" daemon [_thread_blocked, id=9376, stack(0x00000079e7b00000,0x00000079e7c00000)]
  0x00000272ad6f8ff0 JavaThread "ForkJoinPool.commonPool-worker-18" daemon [_thread_blocked, id=3404, stack(0x00000079e7c00000,0x00000079e7d00000)]
  0x00000272ad6f85d0 JavaThread "ForkJoinPool.commonPool-worker-19" daemon [_thread_blocked, id=11776, stack(0x00000079e7d00000,0x00000079e7e00000)]
  0x00000272ad6f9f20 JavaThread "pool-1-thread-3" [_thread_blocked, id=7992, stack(0x00000079e2100000,0x00000079e2200000)]
  0x00000272ad6fae50 JavaThread "Compiler Source File Reader" daemon [_thread_blocked, id=15612, stack(0x00000079e3100000,0x00000079e3200000)]
  0x00000272ad6fb870 JavaThread "Compiler Processing Task" daemon [_thread_blocked, id=2044, stack(0x00000079e3800000,0x00000079e3900000)]
  0x00000272b0afea20 JavaThread "Compiler Source File Reader" daemon [_thread_blocked, id=16468, stack(0x00000079e3a00000,0x00000079e3b00000)]
  0x00000272b0b00880 JavaThread "Compiler Source File Reader" daemon [_thread_blocked, id=7664, stack(0x00000079e3b00000,0x00000079e3c00000)]
  0x00000272b0afd5e0 JavaThread "Compiler Source File Reader" daemon [_thread_blocked, id=11500, stack(0x00000079e3c00000,0x00000079e3d00000)]

Other Threads:
  0x000002728cd86e10 VMThread "VM Thread" [stack: 0x00000079e1600000,0x00000079e1700000] [id=9908]
  0x00000272a8509c10 WatcherThread [stack: 0x00000079e2700000,0x00000079e2800000] [id=14676]
  0x000002728cd10d60 GCTaskThread "GC Thread#0" [stack: 0x00000079e1500000,0x00000079e1600000] [id=8252]
  0x00000272a8d9dde0 GCTaskThread "GC Thread#1" [stack: 0x00000079e2800000,0x00000079e2900000] [id=10712]
  0x00000272a8c1f620 GCTaskThread "GC Thread#2" [stack: 0x00000079e2900000,0x00000079e2a00000] [id=5100]
  0x00000272a8c1f8e0 GCTaskThread "GC Thread#3" [stack: 0x00000079e2a00000,0x00000079e2b00000] [id=17380]
  0x00000272a8f78960 GCTaskThread "GC Thread#4" [stack: 0x00000079e2b00000,0x00000079e2c00000] [id=12376]
  0x00000272a8d5b7b0 GCTaskThread "GC Thread#5" [stack: 0x00000079e2c00000,0x00000079e2d00000] [id=12568]
  0x00000272a8d5af70 GCTaskThread "GC Thread#6" [stack: 0x00000079e2d00000,0x00000079e2e00000] [id=13120]
  0x00000272a8d5a470 GCTaskThread "GC Thread#7" [stack: 0x00000079e2e00000,0x00000079e2f00000] [id=14000]
=>0x00000272a8d5b230 GCTaskThread "GC Thread#8" [stack: 0x00000079e2200000,0x00000079e2300000] [id=1232]
  0x00000272a8d5a9f0 GCTaskThread "GC Thread#9" [stack: 0x00000079e3200000,0x00000079e3300000] [id=10232]
  0x00000272a8d5a1b0 GCTaskThread "GC Thread#10" [stack: 0x00000079e3300000,0x00000079e3400000] [id=7736]
  0x00000272a8d5bd30 GCTaskThread "GC Thread#11" [stack: 0x00000079e3500000,0x00000079e3600000] [id=13016]
  0x00000272a8d5a730 GCTaskThread "GC Thread#12" [stack: 0x00000079e3900000,0x00000079e3a00000] [id=15036]
  0x00000272a927b3b0 GCTaskThread "GC Thread#13" [stack: 0x00000079e3d00000,0x00000079e3e00000] [id=4444]
  0x00000272a927c6f0 GCTaskThread "GC Thread#14" [stack: 0x00000079e3e00000,0x00000079e3f00000] [id=7636]

Threads with active compile tasks:

VM state: at safepoint (normal execution)

VM Mutex/Monitor currently owned by a thread:  ([mutex/lock_event])
[0x000002728ccf8c90] Threads_lock - owner thread: 0x000002728cd86e10
[0x000002728ccf9500] Heap_lock - owner thread: 0x00000272b0b00370

Heap address: 0x00000000c0000000, size: 1024 MB, Compressed Oops mode: 32-bit

CDS archive(s) not mapped
Compressed class space mapped at: 0x0000000100000000-0x0000000140000000, reserved size: 1073741824
Narrow klass base: 0x0000000000000000, Narrow klass shift: 3, Narrow klass range: 0x140000000

GC Precious Log:
 CPUs: 20 total, 20 available
 Memory: 32538M
 Large Page Support: Disabled
 NUMA Support: Disabled
 Compressed Oops: Enabled (32-bit)
 Alignments: Space 512K, Generation 512K, Heap 2M
 Heap Min Capacity: 100M
 Heap Initial Capacity: 100M
 Heap Max Capacity: 1G
 Pre-touch: Disabled
 Parallel Workers: 15

Heap:
 PSYoungGen      total 2048K, used 1521K [0x00000000eab00000, 0x00000000eb700000, 0x0000000100000000)
  eden space 512K, 0% used [0x00000000eab00000,0x00000000eab00000,0x00000000eab80000)
  from space 1536K, 99% used [0x00000000eaf80000,0x00000000eb0fc740,0x00000000eb100000)
  to   space 4096K, 0% used [0x00000000eab80000,0x00000000eab80000,0x00000000eaf80000)
 ParOldGen       total 331776K, used 331345K [0x00000000c0000000, 0x00000000d4400000, 0x00000000eab00000)
  object space 331776K, 99% used [0x00000000c0000000,0x00000000d43946b8,0x00000000d4400000)
 Metaspace       used 95785K, committed 97216K, reserved 1179648K
  class space    used 9718K, committed 10304K, reserved 1048576K

Card table byte_map: [0x000002728c690000,0x000002728c8a0000] _byte_map_base: 0x000002728c090000

Marking Bits: (ParMarkBitMap*) 0x00007ffb5ef458b0
 Begin Bits: [0x000002729e990000, 0x000002729f990000)
 End Bits:   [0x000002729f990000, 0x00000272a0990000)

Polling page: 0x000002728acd0000

Metaspace:

Usage:
  Non-class:     84.05 MB used.
      Class:      9.49 MB used.
       Both:     93.54 MB used.

Virtual space:
  Non-class space:      128.00 MB reserved,      84.88 MB ( 66%) committed,  2 nodes.
      Class space:        1.00 GB reserved,      10.06 MB ( <1%) committed,  1 nodes.
             Both:        1.12 GB reserved,      94.94 MB (  8%) committed. 

Chunk freelists:
   Non-Class:  10.66 MB
       Class:  5.82 MB
        Both:  16.48 MB

MaxMetaspaceSize: unlimited
CompressedClassSpaceSize: 1.00 GB
Initial GC threshold: 21.00 MB
Current GC threshold: 157.44 MB
CDS: off
MetaspaceReclaimPolicy: balanced
 - commit_granule_bytes: 65536.
 - commit_granule_words: 8192.
 - virtual_space_node_default_size: 8388608.
 - enlarge_chunks_in_place: 1.
 - new_chunks_are_fully_committed: 0.
 - uncommit_free_chunks: 1.
 - use_allocation_guard: 0.
 - handle_deallocations: 1.


Internal statistics:

num_allocs_failed_limit: 9.
num_arena_births: 1150.
num_arena_deaths: 24.
num_vsnodes_births: 3.
num_vsnodes_deaths: 0.
num_space_committed: 1519.
num_space_uncommitted: 0.
num_chunks_returned_to_freelist: 38.
num_chunks_taken_from_freelist: 5194.
num_chunk_merges: 20.
num_chunk_splits: 3197.
num_chunks_enlarged: 1814.
num_inconsistent_stats: 0.

CodeHeap 'non-profiled nmethods': size=119168Kb used=20239Kb max_used=20239Kb free=98928Kb
 bounds [0x0000027297530000, 0x0000027298900000, 0x000002729e990000]
CodeHeap 'profiled nmethods': size=119104Kb used=39661Kb max_used=39661Kb free=79442Kb
 bounds [0x000002728f990000, 0x0000027292060000, 0x0000027296de0000]
CodeHeap 'non-nmethods': size=7488Kb used=1462Kb max_used=3256Kb free=6025Kb
 bounds [0x0000027296de0000, 0x0000027297120000, 0x0000027297530000]
 total_blobs=18856 nmethods=18042 adapters=724
 compilation: enabled
              stopped_count=0, restarted_count=0
 full_count=0

Compilation events (20 events):
Event: 363.383 Thread 0x00000272a5d20210 nmethod 23249 0x0000027292050f90 code [0x00000272920511c0, 0x0000027292051bc8]
Event: 363.415 Thread 0x00000272a5d0cd10 nmethod 23225 0x000002729842c290 code [0x000002729842c740, 0x0000027298431050]
Event: 363.415 Thread 0x00000272a5d0cd10 23250       4       org.eclipse.jdt.ls.core.internal.semantictokens.TokenModifier::isDeclaration (198 bytes)
Event: 363.416 Thread 0x00000272a5d0cd10 nmethod 23250 0x000002729842bc10 code [0x000002729842bde0, 0x000002729842bfb8]
Event: 363.416 Thread 0x00000272a5d0cd10 23226       4       org.eclipse.jdt.internal.compiler.lookup.BinaryTypeBinding::canBeSeenBy (28 bytes)
Event: 363.418 Thread 0x00000272a5d0cd10 nmethod 23226 0x000002729842b310 code [0x000002729842b4e0, 0x000002729842b7f8]
Event: 363.438 Thread 0x00000272a5d0cd10 23251       4       org.eclipse.jdt.internal.core.manipulation.JavaElementLabelComposerCore::appendElementLabel (389 bytes)
Event: 363.445 Thread 0x00000272a5d0cd10 nmethod 23251 0x00000272982d8d10 code [0x00000272982d8f80, 0x00000272982da100]
Event: 363.445 Thread 0x00000272a5d0cd10 23252       4       org.eclipse.jdt.ls.core.internal.ResourceUtils::toClientUri (37 bytes)
Event: 363.448 Thread 0x00000272a5d0cd10 nmethod 23252 0x000002729842a790 code [0x000002729842a960, 0x000002729842ae18]
Event: 363.554 Thread 0x00000272a5d0cd10 23253       4       org.eclipse.jdt.internal.compiler.ast.ASTNode::resolveAnnotations (1494 bytes)
Event: 363.589 Thread 0x00000272a5d0cd10 nmethod 23253 0x00000272988ed910 code [0x00000272988edd20, 0x00000272988f16c8]
Event: 363.589 Thread 0x00000272a5d0cd10 23255       4       org.eclipse.jdt.internal.compiler.lookup.LookupEnvironment::completeTypeBindings (135 bytes)
Event: 363.598 Thread 0x00000272a5d0cd10 nmethod 23255 0x00000272982d7010 code [0x00000272982d7280, 0x00000272982d8030]
Event: 363.598 Thread 0x00000272a5d0cd10 23254       4       org.eclipse.jdt.internal.compiler.ast.MessageSend::cleanUpInferenceContexts (65 bytes)
Event: 363.600 Thread 0x00000272a5d0cd10 nmethod 23254 0x00000272982d6b90 code [0x00000272982d6d20, 0x00000272982d6ed8]
Event: 363.833 Thread 0x00000272a5d0cd10 23256       4       org.eclipse.jdt.internal.codeassist.complete.CompletionParser::indexOfAssistIdentifier (15 bytes)
Event: 363.836 Thread 0x00000272a5d0cd10 nmethod 23256 0x000002729842a190 code [0x000002729842a320, 0x000002729842a558]
Event: 363.837 Thread 0x00000272a5d20210 23257       3       org.eclipse.jdt.internal.compiler.GenericAstVisitor::visit (6 bytes)
Event: 363.837 Thread 0x00000272a5d20210 nmethod 23257 0x0000027292052010 code [0x00000272920521c0, 0x00000272920523d8]

GC Heap History (20 events):
Event: 363.362 GC heap after
{Heap after GC invocations=637 (full 12):
 PSYoungGen      total 3584K, used 1600K [0x00000000eab00000, 0x00000000eb100000, 0x0000000100000000)
  eden space 1536K, 0% used [0x00000000eab00000,0x00000000eab00000,0x00000000eac80000)
  from space 2048K, 78% used [0x00000000eac80000,0x00000000eae10000,0x00000000eae80000)
  to   space 2048K, 0% used [0x00000000eaf00000,0x00000000eaf00000,0x00000000eb100000)
 ParOldGen       total 331264K, used 323155K [0x00000000c0000000, 0x00000000d4380000, 0x00000000eab00000)
  object space 331264K, 97% used [0x00000000c0000000,0x00000000d3b94e68,0x00000000d4380000)
 Metaspace       used 95776K, committed 97216K, reserved 1179648K
  class space    used 9718K, committed 10304K, reserved 1048576K
}
Event: 363.364 GC heap before
{Heap before GC invocations=638 (full 12):
 PSYoungGen      total 3584K, used 3136K [0x00000000eab00000, 0x00000000eb100000, 0x0000000100000000)
  eden space 1536K, 100% used [0x00000000eab00000,0x00000000eac80000,0x00000000eac80000)
  from space 2048K, 78% used [0x00000000eac80000,0x00000000eae10000,0x00000000eae80000)
  to   space 2048K, 0% used [0x00000000eaf00000,0x00000000eaf00000,0x00000000eb100000)
 ParOldGen       total 331264K, used 323155K [0x00000000c0000000, 0x00000000d4380000, 0x00000000eab00000)
  object space 331264K, 97% used [0x00000000c0000000,0x00000000d3b94e68,0x00000000d4380000)
 Metaspace       used 95776K, committed 97216K, reserved 1179648K
  class space    used 9718K, committed 10304K, reserved 1048576K
}
Event: 363.365 GC heap after
{Heap after GC invocations=638 (full 12):
 PSYoungGen      total 3584K, used 1344K [0x00000000eab00000, 0x00000000eb080000, 0x0000000100000000)
  eden space 2048K, 0% used [0x00000000eab00000,0x00000000eab00000,0x00000000ead00000)
  from space 1536K, 87% used [0x00000000eaf00000,0x00000000eb050000,0x00000000eb080000)
  to   space 1536K, 0% used [0x00000000ead80000,0x00000000ead80000,0x00000000eaf00000)
 ParOldGen       total 331264K, used 324627K [0x00000000c0000000, 0x00000000d4380000, 0x00000000eab00000)
  object space 331264K, 97% used [0x00000000c0000000,0x00000000d3d04e68,0x00000000d4380000)
 Metaspace       used 95776K, committed 97216K, reserved 1179648K
  class space    used 9718K, committed 10304K, reserved 1048576K
}
Event: 363.368 GC heap before
{Heap before GC invocations=639 (full 12):
 PSYoungGen      total 3584K, used 3392K [0x00000000eab00000, 0x00000000eb080000, 0x0000000100000000)
  eden space 2048K, 100% used [0x00000000eab00000,0x00000000ead00000,0x00000000ead00000)
  from space 1536K, 87% used [0x00000000eaf00000,0x00000000eb050000,0x00000000eb080000)
  to   space 1536K, 0% used [0x00000000ead80000,0x00000000ead80000,0x00000000eaf00000)
 ParOldGen       total 331264K, used 324627K [0x00000000c0000000, 0x00000000d4380000, 0x00000000eab00000)
  object space 331264K, 97% used [0x00000000c0000000,0x00000000d3d04e68,0x00000000d4380000)
 Metaspace       used 95776K, committed 97216K, reserved 1179648K
  class space    used 9718K, committed 10304K, reserved 1048576K
}
Event: 363.369 GC heap after
{Heap after GC invocations=639 (full 12):
 PSYoungGen      total 4096K, used 992K [0x00000000eab00000, 0x00000000eb080000, 0x0000000100000000)
  eden space 2560K, 0% used [0x00000000eab00000,0x00000000eab00000,0x00000000ead80000)
  from space 1536K, 64% used [0x00000000ead80000,0x00000000eae78000,0x00000000eaf00000)
  to   space 1536K, 0% used [0x00000000eaf00000,0x00000000eaf00000,0x00000000eb080000)
 ParOldGen       total 331264K, used 325806K [0x00000000c0000000, 0x00000000d4380000, 0x00000000eab00000)
  object space 331264K, 98% used [0x00000000c0000000,0x00000000d3e2b8c0,0x00000000d4380000)
 Metaspace       used 95776K, committed 97216K, reserved 1179648K
  class space    used 9718K, committed 10304K, reserved 1048576K
}
Event: 363.373 GC heap before
{Heap before GC invocations=640 (full 12):
 PSYoungGen      total 4096K, used 3552K [0x00000000eab00000, 0x00000000eb080000, 0x0000000100000000)
  eden space 2560K, 100% used [0x00000000eab00000,0x00000000ead80000,0x00000000ead80000)
  from space 1536K, 64% used [0x00000000ead80000,0x00000000eae78000,0x00000000eaf00000)
  to   space 1536K, 0% used [0x00000000eaf00000,0x00000000eaf00000,0x00000000eb080000)
 ParOldGen       total 331264K, used 325806K [0x00000000c0000000, 0x00000000d4380000, 0x00000000eab00000)
  object space 331264K, 98% used [0x00000000c0000000,0x00000000d3e2b8c0,0x00000000d4380000)
 Metaspace       used 95776K, committed 97216K, reserved 1179648K
  class space    used 9718K, committed 10304K, reserved 1048576K
}
Event: 363.373 GC heap after
{Heap after GC invocations=640 (full 12):
 PSYoungGen      total 4096K, used 544K [0x00000000eab00000, 0x00000000eb000000, 0x0000000100000000)
  eden space 3072K, 0% used [0x00000000eab00000,0x00000000eab00000,0x00000000eae00000)
  from space 1024K, 53% used [0x00000000eaf00000,0x00000000eaf88000,0x00000000eb000000)
  to   space 1024K, 0% used [0x00000000eae00000,0x00000000eae00000,0x00000000eaf00000)
 ParOldGen       total 331264K, used 326550K [0x00000000c0000000, 0x00000000d4380000, 0x00000000eab00000)
  object space 331264K, 98% used [0x00000000c0000000,0x00000000d3ee58c0,0x00000000d4380000)
 Metaspace       used 95776K, committed 97216K, reserved 1179648K
  class space    used 9718K, committed 10304K, reserved 1048576K
}
Event: 363.377 GC heap before
{Heap before GC invocations=641 (full 12):
 PSYoungGen      total 4096K, used 3616K [0x00000000eab00000, 0x00000000eb000000, 0x0000000100000000)
  eden space 3072K, 100% used [0x00000000eab00000,0x00000000eae00000,0x00000000eae00000)
  from space 1024K, 53% used [0x00000000eaf00000,0x00000000eaf88000,0x00000000eb000000)
  to   space 1024K, 0% used [0x00000000eae00000,0x00000000eae00000,0x00000000eaf00000)
 ParOldGen       total 331264K, used 326550K [0x00000000c0000000, 0x00000000d4380000, 0x00000000eab00000)
  object space 331264K, 98% used [0x00000000c0000000,0x00000000d3ee58c0,0x00000000d4380000)
 Metaspace       used 95780K, committed 97216K, reserved 1179648K
  class space    used 9718K, committed 10304K, reserved 1048576K
}
Event: 363.378 GC heap after
{Heap after GC invocations=641 (full 12):
 PSYoungGen      total 4096K, used 448K [0x00000000eab00000, 0x00000000eb100000, 0x0000000100000000)
  eden space 3072K, 0% used [0x00000000eab00000,0x00000000eab00000,0x00000000eae00000)
  from space 1024K, 43% used [0x00000000eae00000,0x00000000eae70000,0x00000000eaf00000)
  to   space 1024K, 0% used [0x00000000eb000000,0x00000000eb000000,0x00000000eb100000)
 ParOldGen       total 331264K, used 326918K [0x00000000c0000000, 0x00000000d4380000, 0x00000000eab00000)
  object space 331264K, 98% used [0x00000000c0000000,0x00000000d3f418c0,0x00000000d4380000)
 Metaspace       used 95780K, committed 97216K, reserved 1179648K
  class space    used 9718K, committed 10304K, reserved 1048576K
}
Event: 363.382 GC heap before
{Heap before GC invocations=642 (full 12):
 PSYoungGen      total 4096K, used 3520K [0x00000000eab00000, 0x00000000eb100000, 0x0000000100000000)
  eden space 3072K, 100% used [0x00000000eab00000,0x00000000eae00000,0x00000000eae00000)
  from space 1024K, 43% used [0x00000000eae00000,0x00000000eae70000,0x00000000eaf00000)
  to   space 1024K, 0% used [0x00000000eb000000,0x00000000eb000000,0x00000000eb100000)
 ParOldGen       total 331264K, used 326918K [0x00000000c0000000, 0x00000000d4380000, 0x00000000eab00000)
  object space 331264K, 98% used [0x00000000c0000000,0x00000000d3f418c0,0x00000000d4380000)
 Metaspace       used 95784K, committed 97216K, reserved 1179648K
  class space    used 9718K, committed 10304K, reserved 1048576K
}
Event: 363.382 GC heap after
{Heap after GC invocations=642 (full 12):
 PSYoungGen      total 4608K, used 416K [0x00000000eab00000, 0x00000000eb080000, 0x0000000100000000)
  eden space 4096K, 0% used [0x00000000eab00000,0x00000000eab00000,0x00000000eaf00000)
  from space 512K, 81% used [0x00000000eb000000,0x00000000eb068000,0x00000000eb080000)
  to   space 512K, 0% used [0x00000000eaf80000,0x00000000eaf80000,0x00000000eb000000)
 ParOldGen       total 331264K, used 327078K [0x00000000c0000000, 0x00000000d4380000, 0x00000000eab00000)
  object space 331264K, 98% used [0x00000000c0000000,0x00000000d3f698c0,0x00000000d4380000)
 Metaspace       used 95784K, committed 97216K, reserved 1179648K
  class space    used 9718K, committed 10304K, reserved 1048576K
}
Event: 363.552 GC heap before
{Heap before GC invocations=643 (full 12):
 PSYoungGen      total 4608K, used 4511K [0x00000000eab00000, 0x00000000eb080000, 0x0000000100000000)
  eden space 4096K, 99% used [0x00000000eab00000,0x00000000eaeffff8,0x00000000eaf00000)
  from space 512K, 81% used [0x00000000eb000000,0x00000000eb068000,0x00000000eb080000)
  to   space 512K, 0% used [0x00000000eaf80000,0x00000000eaf80000,0x00000000eb000000)
 ParOldGen       total 331264K, used 327078K [0x00000000c0000000, 0x00000000d4380000, 0x00000000eab00000)
  object space 331264K, 98% used [0x00000000c0000000,0x00000000d3f698c0,0x00000000d4380000)
 Metaspace       used 95784K, committed 97216K, reserved 1179648K
  class space    used 9718K, committed 10304K, reserved 1048576K
}
Event: 363.553 GC heap after
{Heap after GC invocations=643 (full 12):
 PSYoungGen      total 4608K, used 512K [0x00000000eab00000, 0x00000000eb100000, 0x0000000100000000)
  eden space 4096K, 0% used [0x00000000eab00000,0x00000000eab00000,0x00000000eaf00000)
  from space 512K, 100% used [0x00000000eaf80000,0x00000000eb000000,0x00000000eb000000)
  to   space 1024K, 0% used [0x00000000eb000000,0x00000000eb000000,0x00000000eb100000)
 ParOldGen       total 331264K, used 327230K [0x00000000c0000000, 0x00000000d4380000, 0x00000000eab00000)
  object space 331264K, 98% used [0x00000000c0000000,0x00000000d3f8f8d0,0x00000000d4380000)
 Metaspace       used 95784K, committed 97216K, reserved 1179648K
  class space    used 9718K, committed 10304K, reserved 1048576K
}
Event: 363.560 GC heap before
{Heap before GC invocations=644 (full 12):
 PSYoungGen      total 4608K, used 4608K [0x00000000eab00000, 0x00000000eb100000, 0x0000000100000000)
  eden space 4096K, 100% used [0x00000000eab00000,0x00000000eaf00000,0x00000000eaf00000)
  from space 512K, 100% used [0x00000000eaf80000,0x00000000eb000000,0x00000000eb000000)
  to   space 1024K, 0% used [0x00000000eb000000,0x00000000eb000000,0x00000000eb100000)
 ParOldGen       total 331264K, used 327230K [0x00000000c0000000, 0x00000000d4380000, 0x00000000eab00000)
  object space 331264K, 98% used [0x00000000c0000000,0x00000000d3f8f8d0,0x00000000d4380000)
 Metaspace       used 95784K, committed 97216K, reserved 1179648K
  class space    used 9718K, committed 10304K, reserved 1048576K
}
Event: 363.561 GC heap after
{Heap after GC invocations=644 (full 12):
 PSYoungGen      total 4096K, used 1024K [0x00000000eab00000, 0x00000000eb300000, 0x0000000100000000)
  eden space 3072K, 0% used [0x00000000eab00000,0x00000000eab00000,0x00000000eae00000)
  from space 1024K, 100% used [0x00000000eb000000,0x00000000eb100000,0x00000000eb100000)
  to   space 2048K, 0% used [0x00000000eae00000,0x00000000eae00000,0x00000000eb000000)
 ParOldGen       total 331264K, used 328014K [0x00000000c0000000, 0x00000000d4380000, 0x00000000eab00000)
  object space 331264K, 99% used [0x00000000c0000000,0x00000000d40538e0,0x00000000d4380000)
 Metaspace       used 95784K, committed 97216K, reserved 1179648K
  class space    used 9718K, committed 10304K, reserved 1048576K
}
Event: 363.838 GC heap before
{Heap before GC invocations=645 (full 12):
 PSYoungGen      total 4096K, used 4096K [0x00000000eab00000, 0x00000000eb300000, 0x0000000100000000)
  eden space 3072K, 100% used [0x00000000eab00000,0x00000000eae00000,0x00000000eae00000)
  from space 1024K, 100% used [0x00000000eb000000,0x00000000eb100000,0x00000000eb100000)
  to   space 2048K, 0% used [0x00000000eae00000,0x00000000eae00000,0x00000000eb000000)
 ParOldGen       total 331264K, used 328014K [0x00000000c0000000, 0x00000000d4380000, 0x00000000eab00000)
  object space 331264K, 99% used [0x00000000c0000000,0x00000000d40538e0,0x00000000d4380000)
 Metaspace       used 95785K, committed 97216K, reserved 1179648K
  class space    used 9718K, committed 10304K, reserved 1048576K
}
Event: 363.839 GC heap after
{Heap after GC invocations=645 (full 12):
 PSYoungGen      total 4608K, used 1184K [0x00000000eab00000, 0x00000000eb100000, 0x0000000100000000)
  eden space 3072K, 0% used [0x00000000eab00000,0x00000000eab00000,0x00000000eae00000)
  from space 1536K, 77% used [0x00000000eae00000,0x00000000eaf28020,0x00000000eaf80000)
  to   space 1536K, 0% used [0x00000000eaf80000,0x00000000eaf80000,0x00000000eb100000)
 ParOldGen       total 331264K, used 329075K [0x00000000c0000000, 0x00000000d4380000, 0x00000000eab00000)
  object space 331264K, 99% used [0x00000000c0000000,0x00000000d415ccf0,0x00000000d4380000)
 Metaspace       used 95785K, committed 97216K, reserved 1179648K
  class space    used 9718K, committed 10304K, reserved 1048576K
}
Event: 363.842 GC heap before
{Heap before GC invocations=646 (full 12):
 PSYoungGen      total 4608K, used 4256K [0x00000000eab00000, 0x00000000eb100000, 0x0000000100000000)
  eden space 3072K, 100% used [0x00000000eab00000,0x00000000eae00000,0x00000000eae00000)
  from space 1536K, 77% used [0x00000000eae00000,0x00000000eaf28020,0x00000000eaf80000)
  to   space 1536K, 0% used [0x00000000eaf80000,0x00000000eaf80000,0x00000000eb100000)
 ParOldGen       total 331264K, used 329075K [0x00000000c0000000, 0x00000000d4380000, 0x00000000eab00000)
  object space 331264K, 99% used [0x00000000c0000000,0x00000000d415ccf0,0x00000000d4380000)
 Metaspace       used 95785K, committed 97216K, reserved 1179648K
  class space    used 9718K, committed 10304K, reserved 1048576K
}
Event: 363.843 GC heap after
{Heap after GC invocations=646 (full 12):
 PSYoungGen      total 2048K, used 1521K [0x00000000eab00000, 0x00000000eb700000, 0x0000000100000000)
  eden space 512K, 0% used [0x00000000eab00000,0x00000000eab00000,0x00000000eab80000)
  from space 1536K, 99% used [0x00000000eaf80000,0x00000000eb0fc740,0x00000000eb100000)
  to   space 4096K, 0% used [0x00000000eab80000,0x00000000eab80000,0x00000000eaf80000)
 ParOldGen       total 331776K, used 331345K [0x00000000c0000000, 0x00000000d4400000, 0x00000000eab00000)
  object space 331776K, 99% used [0x00000000c0000000,0x00000000d43946b8,0x00000000d4400000)
 Metaspace       used 95785K, committed 97216K, reserved 1179648K
  class space    used 9718K, committed 10304K, reserved 1048576K
}
Event: 363.843 GC heap before
{Heap before GC invocations=647 (full 13):
 PSYoungGen      total 2048K, used 1521K [0x00000000eab00000, 0x00000000eb700000, 0x0000000100000000)
  eden space 512K, 0% used [0x00000000eab00000,0x00000000eab00000,0x00000000eab80000)
  from space 1536K, 99% used [0x00000000eaf80000,0x00000000eb0fc740,0x00000000eb100000)
  to   space 4096K, 0% used [0x00000000eab80000,0x00000000eab80000,0x00000000eaf80000)
 ParOldGen       total 331776K, used 331345K [0x00000000c0000000, 0x00000000d4400000, 0x00000000eab00000)
  object space 331776K, 99% used [0x00000000c0000000,0x00000000d43946b8,0x00000000d4400000)
 Metaspace       used 95785K, committed 97216K, reserved 1179648K
  class space    used 9718K, committed 10304K, reserved 1048576K
}

Dll operation events (14 events):
Event: 0.010 Loaded shared library c:\Users\E2Ps ICT\.vscode\extensions\redhat.java-1.35.1-win32-x64\jre\17.0.12-win32-x86_64\bin\java.dll
Event: 0.066 Loaded shared library c:\Users\E2Ps ICT\.vscode\extensions\redhat.java-1.35.1-win32-x64\jre\17.0.12-win32-x86_64\bin\zip.dll
Event: 0.067 Loaded shared library C:\Users\E2Ps ICT\.vscode\extensions\redhat.java-1.35.1-win32-x64\jre\17.0.12-win32-x86_64\bin\instrument.dll
Event: 0.072 Loaded shared library C:\Users\E2Ps ICT\.vscode\extensions\redhat.java-1.35.1-win32-x64\jre\17.0.12-win32-x86_64\bin\net.dll
Event: 0.073 Loaded shared library C:\Users\E2Ps ICT\.vscode\extensions\redhat.java-1.35.1-win32-x64\jre\17.0.12-win32-x86_64\bin\nio.dll
Event: 0.076 Loaded shared library C:\Users\E2Ps ICT\.vscode\extensions\redhat.java-1.35.1-win32-x64\jre\17.0.12-win32-x86_64\bin\zip.dll
Event: 0.082 Loaded shared library C:\Users\E2Ps ICT\.vscode\extensions\redhat.java-1.35.1-win32-x64\jre\17.0.12-win32-x86_64\bin\jimage.dll
Event: 0.105 Loaded shared library c:\Users\E2Ps ICT\.vscode\extensions\redhat.java-1.35.1-win32-x64\jre\17.0.12-win32-x86_64\bin\verify.dll
Event: 2.239 Loaded shared library C:\Users\E2Ps ICT\AppData\Roaming\Code\User\globalStorage\redhat.java\1.35.1\config_win\org.eclipse.equinox.launcher\org.eclipse.equinox.launcher.win32.win32.x86_64_1.2.1100.v20240722-2106\eclipse_11904.dll
Event: 5.460 Loaded shared library C:\Users\E2Ps ICT\.vscode\extensions\redhat.java-1.35.1-win32-x64\jre\17.0.12-win32-x86_64\bin\management.dll
Event: 5.461 Loaded shared library C:\Users\E2Ps ICT\.vscode\extensions\redhat.java-1.35.1-win32-x64\jre\17.0.12-win32-x86_64\bin\management_ext.dll
Event: 5.942 Loaded shared library C:\Users\E2Ps ICT\AppData\Local\Temp\jna--477064758\jna10269805686718818810.dll
Event: 6.642 Loaded shared library C:\Users\E2Ps ICT\.vscode\extensions\redhat.java-1.35.1-win32-x64\jre\17.0.12-win32-x86_64\bin\sunmscapi.dll
Event: 6.809 Loaded shared library C:\Users\E2Ps ICT\.vscode\extensions\redhat.java-1.35.1-win32-x64\jre\17.0.12-win32-x86_64\bin\extnet.dll

Deoptimization events (20 events):
Event: 362.621 Thread 0x00000272b0affe60 Uncommon trap: trap_request=0xffffff5c fr.pc=0x0000027298575ecc relative=0x0000000000001dac
Event: 362.621 Thread 0x00000272b0affe60 Uncommon trap: reason=speculate_null_check action=make_not_entrant pc=0x0000027298575ecc method=org.eclipse.jdt.internal.compiler.lookup.LookupEnvironment.askForTypeFromModules(Lorg/eclipse/jdt/internal/compiler/lookup/ModuleBinding;[Lorg/eclipse/jdt/inte
Event: 362.622 Thread 0x00000272b0affe60 DEOPT PACKING pc=0x0000027298575ecc sp=0x00000079e3ffd870
Event: 362.622 Thread 0x00000272b0affe60 DEOPT UNPACKING pc=0x0000027296e366a3 sp=0x00000079e3ffd838 mode 2
Event: 362.622 Thread 0x00000272b0affe60 Uncommon trap: trap_request=0xffffff45 fr.pc=0x000002729841e6cc relative=0x000000000000164c
Event: 362.622 Thread 0x00000272b0affe60 Uncommon trap: reason=unstable_if action=reinterpret pc=0x000002729841e6cc method=org.eclipse.jdt.internal.compiler.lookup.LookupEnvironment.getType([[CLorg/eclipse/jdt/internal/compiler/lookup/ModuleBinding;)Lorg/eclipse/jdt/internal/compiler/lookup/Refe
Event: 362.622 Thread 0x00000272b0affe60 DEOPT PACKING pc=0x000002729841e6cc sp=0x00000079e3ffd990
Event: 362.622 Thread 0x00000272b0affe60 DEOPT UNPACKING pc=0x0000027296e366a3 sp=0x00000079e3ffd950 mode 2
Event: 362.818 Thread 0x00000272acd0a0d0 Uncommon trap: trap_request=0xffffffde fr.pc=0x000002729812bac0 relative=0x0000000000004580
Event: 362.818 Thread 0x00000272acd0a0d0 Uncommon trap: reason=class_check action=maybe_recompile pc=0x000002729812bac0 method=org.eclipse.jdt.core.dom.DefaultBindingResolver.resolveName(Lorg/eclipse/jdt/core/dom/Name;)Lorg/eclipse/jdt/core/dom/IBinding; @ 547 c2
Event: 362.818 Thread 0x00000272acd0a0d0 DEOPT PACKING pc=0x000002729812bac0 sp=0x00000079e62feaa0
Event: 362.818 Thread 0x00000272acd0a0d0 DEOPT UNPACKING pc=0x0000027296e366a3 sp=0x00000079e62fea68 mode 2
Event: 362.819 Thread 0x00000272acd0a0d0 Uncommon trap: trap_request=0xffffffde fr.pc=0x000002729812bac0 relative=0x0000000000004580
Event: 362.819 Thread 0x00000272acd0a0d0 Uncommon trap: reason=class_check action=maybe_recompile pc=0x000002729812bac0 method=org.eclipse.jdt.core.dom.DefaultBindingResolver.resolveName(Lorg/eclipse/jdt/core/dom/Name;)Lorg/eclipse/jdt/core/dom/IBinding; @ 547 c2
Event: 362.819 Thread 0x00000272acd0a0d0 DEOPT PACKING pc=0x000002729812bac0 sp=0x00000079e62febd0
Event: 362.819 Thread 0x00000272acd0a0d0 DEOPT UNPACKING pc=0x0000027296e366a3 sp=0x00000079e62feb98 mode 2
Event: 363.151 Thread 0x00000272acd0a0d0 Uncommon trap: trap_request=0xffffffcc fr.pc=0x00000272988de79c relative=0x00000000000009bc
Event: 363.151 Thread 0x00000272acd0a0d0 Uncommon trap: reason=intrinsic_or_type_checked_inlining action=make_not_entrant pc=0x00000272988de79c method=org.eclipse.jdt.internal.compiler.parser.Parser.dispatchDeclarationIntoEnumDeclaration(I)V @ 323 c2
Event: 363.151 Thread 0x00000272acd0a0d0 DEOPT PACKING pc=0x00000272988de79c sp=0x00000079e62fdf20
Event: 363.151 Thread 0x00000272acd0a0d0 DEOPT UNPACKING pc=0x0000027296e366a3 sp=0x00000079e62fde98 mode 2

Classes loaded (20 events):
Event: 110.236 Loading class sun/security/ssl/SSLBasicKeyDerivation$SecretSizeSpec
Event: 110.236 Loading class sun/security/ssl/SSLBasicKeyDerivation$SecretSizeSpec done
Event: 110.267 Loading class sun/security/ssl/PostHandshakeContext
Event: 110.267 Loading class sun/security/ssl/PostHandshakeContext done
Event: 110.267 Loading class sun/security/ssl/NewSessionTicket$T13NewSessionTicketMessage
Event: 110.267 Loading class sun/security/ssl/NewSessionTicket$T13NewSessionTicketMessage done
Event: 115.817 Loading class java/util/concurrent/ConcurrentHashMap$TreeNode
Event: 115.817 Loading class java/util/concurrent/ConcurrentHashMap$TreeNode done
Event: 115.817 Loading class java/util/concurrent/ConcurrentHashMap$TreeBin
Event: 115.817 Loading class java/util/concurrent/ConcurrentHashMap$TreeBin done
Event: 252.696 Loading class java/nio/channels/CompletionHandler
Event: 252.696 Loading class java/nio/channels/CompletionHandler done
Event: 333.395 Loading class java/util/ArrayDeque$DeqSpliterator
Event: 333.395 Loading class java/util/ArrayDeque$DeqSpliterator done
Event: 333.816 Loading class java/util/stream/DistinctOps
Event: 333.816 Loading class java/util/stream/DistinctOps done
Event: 333.816 Loading class java/util/stream/DistinctOps$1
Event: 333.816 Loading class java/util/stream/DistinctOps$1 done
Event: 333.816 Loading class java/util/stream/DistinctOps$1$2
Event: 333.816 Loading class java/util/stream/DistinctOps$1$2 done

Classes unloaded (12 events):
Event: 5.948 Thread 0x000002728cd86e10 Unloading class 0x000000010024a400 'java/lang/invoke/LambdaForm$MH+0x000000010024a400'
Event: 5.948 Thread 0x000002728cd86e10 Unloading class 0x000000010024a000 'java/lang/invoke/LambdaForm$MH+0x000000010024a000'
Event: 5.948 Thread 0x000002728cd86e10 Unloading class 0x0000000100249c00 'java/lang/invoke/LambdaForm$MH+0x0000000100249c00'
Event: 5.948 Thread 0x000002728cd86e10 Unloading class 0x0000000100249800 'java/lang/invoke/LambdaForm$MH+0x0000000100249800'
Event: 5.948 Thread 0x000002728cd86e10 Unloading class 0x0000000100249400 'java/lang/invoke/LambdaForm$BMH+0x0000000100249400'
Event: 5.948 Thread 0x000002728cd86e10 Unloading class 0x0000000100249000 'java/lang/invoke/LambdaForm$DMH+0x0000000100249000'
Event: 5.948 Thread 0x000002728cd86e10 Unloading class 0x0000000100244400 'java/lang/invoke/LambdaForm$DMH+0x0000000100244400'
Event: 7.741 Thread 0x000002728cd86e10 Unloading class 0x0000000100695c00 'java/lang/invoke/LambdaForm$DMH+0x0000000100695c00'
Event: 7.741 Thread 0x000002728cd86e10 Unloading class 0x0000000100695800 'java/lang/invoke/LambdaForm$DMH+0x0000000100695800'
Event: 7.741 Thread 0x000002728cd86e10 Unloading class 0x0000000100695400 'java/lang/invoke/LambdaForm$DMH+0x0000000100695400'
Event: 10.676 Thread 0x000002728cd86e10 Unloading class 0x0000000100899c00 'java/lang/invoke/LambdaForm$DMH+0x0000000100899c00'
Event: 10.676 Thread 0x000002728cd86e10 Unloading class 0x0000000100899800 'java/lang/invoke/LambdaForm$DMH+0x0000000100899800'

Classes redefined (0 events):
No events

Internal exceptions (20 events):
Event: 361.973 Thread 0x00000272b0aff440 Implicit null exception at 0x000002729116bd2c to 0x000002729116f583
Event: 361.973 Thread 0x00000272b0aff440 Exception <a 'java/lang/NullPointerException'{0x00000000eaf50818}> (0x00000000eaf50818) 
thrown [s\src\hotspot\share\runtime\sharedRuntime.cpp, line 631]
Event: 361.973 Thread 0x00000272b0aff440 Implicit null exception at 0x000002729116bd2c to 0x000002729116f583
Event: 361.973 Thread 0x00000272b0aff440 Exception <a 'java/lang/NullPointerException'{0x00000000eaf720a8}> (0x00000000eaf720a8) 
thrown [s\src\hotspot\share\runtime\sharedRuntime.cpp, line 631]
Event: 362.265 Thread 0x00000272b0affe60 Implicit null exception at 0x000002729116bd2c to 0x000002729116f583
Event: 362.265 Thread 0x00000272b0affe60 Exception <a 'java/lang/NullPointerException'{0x00000000eab3abc8}> (0x00000000eab3abc8) 
thrown [s\src\hotspot\share\runtime\sharedRuntime.cpp, line 631]
Event: 362.266 Thread 0x00000272b0affe60 Implicit null exception at 0x000002729116bd2c to 0x000002729116f583
Event: 362.266 Thread 0x00000272b0affe60 Exception <a 'java/lang/NullPointerException'{0x00000000eab5b3f0}> (0x00000000eab5b3f0) 
thrown [s\src\hotspot\share\runtime\sharedRuntime.cpp, line 631]
Event: 362.623 Thread 0x00000272b0affe60 Implicit null exception at 0x000002729116bd2c to 0x000002729116f583
Event: 362.623 Thread 0x00000272b0affe60 Exception <a 'java/lang/NullPointerException'{0x00000000eab22f88}> (0x00000000eab22f88) 
thrown [s\src\hotspot\share\runtime\sharedRuntime.cpp, line 631]
Event: 362.835 Thread 0x00000272acd0a0d0 Implicit null exception at 0x000002729116bd2c to 0x000002729116f583
Event: 362.835 Thread 0x00000272acd0a0d0 Exception <a 'java/lang/NullPointerException'{0x00000000eab72690}> (0x00000000eab72690) 
thrown [s\src\hotspot\share\runtime\sharedRuntime.cpp, line 631]
Event: 363.154 Thread 0x00000272acd0a0d0 Implicit null exception at 0x000002729116bd2c to 0x000002729116f583
Event: 363.154 Thread 0x00000272acd0a0d0 Exception <a 'java/lang/NullPointerException'{0x00000000ead72710}> (0x00000000ead72710) 
thrown [s\src\hotspot\share\runtime\sharedRuntime.cpp, line 631]
Event: 363.370 Thread 0x00000272b0afe000 Implicit null exception at 0x000002729116bd2c to 0x000002729116f583
Event: 363.370 Thread 0x00000272b0afe000 Exception <a 'java/lang/NullPointerException'{0x00000000eab967a0}> (0x00000000eab967a0) 
thrown [s\src\hotspot\share\runtime\sharedRuntime.cpp, line 631]
Event: 363.555 Thread 0x00000272a89f9820 Implicit null exception at 0x000002729116bd2c to 0x000002729116f583
Event: 363.555 Thread 0x00000272a89f9820 Exception <a 'java/lang/NullPointerException'{0x00000000eac0fc48}> (0x00000000eac0fc48) 
thrown [s\src\hotspot\share\runtime\sharedRuntime.cpp, line 631]
Event: 363.560 Thread 0x00000272a89f9820 Implicit null exception at 0x000002729116bd2c to 0x000002729116f583
Event: 363.560 Thread 0x00000272a89f9820 Exception <a 'java/lang/NullPointerException'{0x00000000eaee9188}> (0x00000000eaee9188) 
thrown [s\src\hotspot\share\runtime\sharedRuntime.cpp, line 631]

VM Operations (20 events):
Event: 363.358 Executing VM operation: ParallelGCFailedAllocation done
Event: 363.360 Executing VM operation: ParallelGCFailedAllocation
Event: 363.362 Executing VM operation: ParallelGCFailedAllocation done
Event: 363.364 Executing VM operation: ParallelGCFailedAllocation
Event: 363.365 Executing VM operation: ParallelGCFailedAllocation done
Event: 363.368 Executing VM operation: ParallelGCFailedAllocation
Event: 363.369 Executing VM operation: ParallelGCFailedAllocation done
Event: 363.373 Executing VM operation: ParallelGCFailedAllocation
Event: 363.373 Executing VM operation: ParallelGCFailedAllocation done
Event: 363.377 Executing VM operation: ParallelGCFailedAllocation
Event: 363.378 Executing VM operation: ParallelGCFailedAllocation done
Event: 363.382 Executing VM operation: ParallelGCFailedAllocation
Event: 363.382 Executing VM operation: ParallelGCFailedAllocation done
Event: 363.552 Executing VM operation: ParallelGCFailedAllocation
Event: 363.553 Executing VM operation: ParallelGCFailedAllocation done
Event: 363.560 Executing VM operation: ParallelGCFailedAllocation
Event: 363.561 Executing VM operation: ParallelGCFailedAllocation done
Event: 363.838 Executing VM operation: ParallelGCFailedAllocation
Event: 363.839 Executing VM operation: ParallelGCFailedAllocation done
Event: 363.842 Executing VM operation: ParallelGCFailedAllocation

Events (20 events):
Event: 362.824 Thread 0x00000272a5d48e80 flushing nmethod 0x00000272982d6b90
Event: 362.825 Thread 0x00000272a5d48e80 flushing nmethod 0x00000272983c4210
Event: 362.826 Thread 0x00000272a5d48e80 flushing nmethod 0x0000027298429e90
Event: 362.827 Thread 0x00000272a5d48e80 flushing nmethod 0x000002728fb94590
Event: 362.827 Thread 0x00000272a5d48e80 flushing nmethod 0x000002728fc45d10
Event: 362.827 Thread 0x00000272a5d48e80 flushing nmethod 0x000002728fc93290
Event: 362.828 Thread 0x00000272a5d48e80 flushing nmethod 0x000002728fd0e310
Event: 362.829 Thread 0x00000272a5d48e80 flushing nmethod 0x000002728fe48890
Event: 362.832 Thread 0x00000272a5d48e80 flushing nmethod 0x00000272908fae10
Event: 362.835 Thread 0x00000272a5d48e80 flushing nmethod 0x0000027290e17690
Event: 362.836 Thread 0x00000272a5d48e80 flushing nmethod 0x00000272910aa310
Event: 362.837 Thread 0x00000272a5d48e80 flushing nmethod 0x0000027291560590
Event: 362.838 Thread 0x00000272a5d48e80 flushing nmethod 0x000002729162da10
Event: 362.839 Thread 0x00000272a5d48e80 flushing nmethod 0x0000027291850c90
Event: 362.839 Thread 0x00000272a5d48e80 flushing nmethod 0x0000027291860090
Event: 362.845 Thread 0x00000272b081d6c0 Thread added: 0x00000272b081d6c0
Event: 363.079 Thread 0x00000272b081d6c0 Thread exited: 0x00000272b081d6c0
Event: 363.348 Thread 0x00000272ab9c5c80 Thread exited: 0x00000272ab9c5c80
Event: 363.348 Thread 0x00000272ab9c51e0 Thread exited: 0x00000272ab9c51e0
Event: 363.348 Thread 0x00000272b081fbf0 Thread exited: 0x00000272b081fbf0


Dynamic libraries:
0x00007ff662150000 - 0x00007ff66215e000 	c:\Users\E2Ps ICT\.vscode\extensions\redhat.java-1.35.1-win32-x64\jre\17.0.12-win32-x86_64\bin\java.exe
0x00007ffbbe470000 - 0x00007ffbbe687000 	C:\WINDOWS\SYSTEM32\ntdll.dll
0x00007ffbbd9e0000 - 0x00007ffbbdaa4000 	C:\WINDOWS\System32\KERNEL32.DLL
0x00007ffbbb8f0000 - 0x00007ffbbbca7000 	C:\WINDOWS\System32\KERNELBASE.dll
0x00007ffbbbcb0000 - 0x00007ffbbbdc1000 	C:\WINDOWS\System32\ucrtbase.dll
0x00007ffbb7630000 - 0x00007ffbb7647000 	c:\Users\E2Ps ICT\.vscode\extensions\redhat.java-1.35.1-win32-x64\jre\17.0.12-win32-x86_64\bin\jli.dll
0x00007ffbb72b0000 - 0x00007ffbb72cb000 	c:\Users\E2Ps ICT\.vscode\extensions\redhat.java-1.35.1-win32-x64\jre\17.0.12-win32-x86_64\bin\VCRUNTIME140.dll
0x00007ffbbd540000 - 0x00007ffbbd6ef000 	C:\WINDOWS\System32\USER32.dll
0x00007ffb99560000 - 0x00007ffb997f3000 	C:\WINDOWS\WinSxS\amd64_microsoft.windows.common-controls_6595b64144ccf1df_6.0.22621.3672_none_2713b9d173822955\COMCTL32.dll
0x00007ffbbc140000 - 0x00007ffbbc166000 	C:\WINDOWS\System32\win32u.dll
0x00007ffbbe380000 - 0x00007ffbbe427000 	C:\WINDOWS\System32\msvcrt.dll
0x00007ffbbd750000 - 0x00007ffbbd779000 	C:\WINDOWS\System32\GDI32.dll
0x00007ffbbbf10000 - 0x00007ffbbc028000 	C:\WINDOWS\System32\gdi32full.dll
0x00007ffbbc0a0000 - 0x00007ffbbc13a000 	C:\WINDOWS\System32\msvcp_win.dll
0x00007ffbbd840000 - 0x00007ffbbd871000 	C:\WINDOWS\System32\IMM32.DLL
0x00007ffbb7690000 - 0x00007ffbb769c000 	c:\Users\E2Ps ICT\.vscode\extensions\redhat.java-1.35.1-win32-x64\jre\17.0.12-win32-x86_64\bin\vcruntime140_1.dll
0x00007ffb9cad0000 - 0x00007ffb9cb5d000 	c:\Users\E2Ps ICT\.vscode\extensions\redhat.java-1.35.1-win32-x64\jre\17.0.12-win32-x86_64\bin\msvcp140.dll
0x00007ffb5e3a0000 - 0x00007ffb5f00a000 	c:\Users\E2Ps ICT\.vscode\extensions\redhat.java-1.35.1-win32-x64\jre\17.0.12-win32-x86_64\bin\server\jvm.dll
0x00007ffbbde40000 - 0x00007ffbbdef2000 	C:\WINDOWS\System32\ADVAPI32.dll
0x00007ffbbd8a0000 - 0x00007ffbbd948000 	C:\WINDOWS\System32\sechost.dll
0x00007ffbbc170000 - 0x00007ffbbc198000 	C:\WINDOWS\System32\bcrypt.dll
0x00007ffbbd2c0000 - 0x00007ffbbd3d4000 	C:\WINDOWS\System32\RPCRT4.dll
0x00007ffbbd7c0000 - 0x00007ffbbd831000 	C:\WINDOWS\System32\WS2_32.dll
0x00007ffbba630000 - 0x00007ffbba67d000 	C:\WINDOWS\SYSTEM32\POWRPROF.dll
0x00007ffba90f0000 - 0x00007ffba90fa000 	C:\WINDOWS\SYSTEM32\VERSION.dll
0x00007ffbb04b0000 - 0x00007ffbb04e4000 	C:\WINDOWS\SYSTEM32\WINMM.dll
0x00007ffbba610000 - 0x00007ffbba623000 	C:\WINDOWS\SYSTEM32\UMPDC.dll
0x00007ffbba8c0000 - 0x00007ffbba8d8000 	C:\WINDOWS\SYSTEM32\kernel.appcore.dll
0x00007ffbb7620000 - 0x00007ffbb762a000 	c:\Users\E2Ps ICT\.vscode\extensions\redhat.java-1.35.1-win32-x64\jre\17.0.12-win32-x86_64\bin\jimage.dll
0x00007ffb9e3d0000 - 0x00007ffb9e602000 	C:\WINDOWS\SYSTEM32\DBGHELP.DLL
0x00007ffbbc5c0000 - 0x00007ffbbc94e000 	C:\WINDOWS\System32\combase.dll
0x00007ffbbdca0000 - 0x00007ffbbdd77000 	C:\WINDOWS\System32\OLEAUT32.dll
0x00007ffb9e390000 - 0x00007ffb9e3c2000 	C:\WINDOWS\SYSTEM32\dbgcore.DLL
0x00007ffbbbdd0000 - 0x00007ffbbbe4b000 	C:\WINDOWS\System32\bcryptPrimitives.dll
0x00007ffbb72a0000 - 0x00007ffbb72ae000 	c:\Users\E2Ps ICT\.vscode\extensions\redhat.java-1.35.1-win32-x64\jre\17.0.12-win32-x86_64\bin\instrument.dll
0x00007ffbaff20000 - 0x00007ffbaff45000 	c:\Users\E2Ps ICT\.vscode\extensions\redhat.java-1.35.1-win32-x64\jre\17.0.12-win32-x86_64\bin\java.dll
0x00007ffbaefe0000 - 0x00007ffbaeff8000 	c:\Users\E2Ps ICT\.vscode\extensions\redhat.java-1.35.1-win32-x64\jre\17.0.12-win32-x86_64\bin\zip.dll
0x00007ffbbc950000 - 0x00007ffbbd1b9000 	C:\WINDOWS\System32\SHELL32.dll
0x00007ffbb96f0000 - 0x00007ffbb9fef000 	C:\WINDOWS\SYSTEM32\windows.storage.dll
0x00007ffbb95b0000 - 0x00007ffbb96ef000 	C:\WINDOWS\SYSTEM32\wintypes.dll
0x00007ffbbd1c0000 - 0x00007ffbbd2b9000 	C:\WINDOWS\System32\SHCORE.dll
0x00007ffbbd6f0000 - 0x00007ffbbd74e000 	C:\WINDOWS\System32\shlwapi.dll
0x00007ffbbb6b0000 - 0x00007ffbbb6d7000 	C:\WINDOWS\SYSTEM32\profapi.dll
0x00007ffbaefc0000 - 0x00007ffbaefd9000 	C:\Users\E2Ps ICT\.vscode\extensions\redhat.java-1.35.1-win32-x64\jre\17.0.12-win32-x86_64\bin\net.dll
0x00007ffbb76b0000 - 0x00007ffbb77e6000 	C:\WINDOWS\SYSTEM32\WINHTTP.dll
0x00007ffbbad30000 - 0x00007ffbbad99000 	C:\WINDOWS\system32\mswsock.dll
0x00007ffbaefa0000 - 0x00007ffbaefb6000 	C:\Users\E2Ps ICT\.vscode\extensions\redhat.java-1.35.1-win32-x64\jre\17.0.12-win32-x86_64\bin\nio.dll
0x00007ffbafdd0000 - 0x00007ffbafde0000 	c:\Users\E2Ps ICT\.vscode\extensions\redhat.java-1.35.1-win32-x64\jre\17.0.12-win32-x86_64\bin\verify.dll
0x00007ffb9ca80000 - 0x00007ffb9cac5000 	C:\Users\E2Ps ICT\AppData\Roaming\Code\User\globalStorage\redhat.java\1.35.1\config_win\org.eclipse.equinox.launcher\org.eclipse.equinox.launcher.win32.win32.x86_64_1.2.1100.v20240722-2106\eclipse_11904.dll
0x00007ffbbc1f0000 - 0x00007ffbbc395000 	C:\WINDOWS\System32\ole32.dll
0x00007ffbafc30000 - 0x00007ffbafc39000 	C:\Users\E2Ps ICT\.vscode\extensions\redhat.java-1.35.1-win32-x64\jre\17.0.12-win32-x86_64\bin\management.dll
0x00007ffbaf0c0000 - 0x00007ffbaf0cb000 	C:\Users\E2Ps ICT\.vscode\extensions\redhat.java-1.35.1-win32-x64\jre\17.0.12-win32-x86_64\bin\management_ext.dll
0x00007ffbbdab0000 - 0x00007ffbbdab8000 	C:\WINDOWS\System32\PSAPI.DLL
0x00007ffbbaf80000 - 0x00007ffbbaf9b000 	C:\WINDOWS\SYSTEM32\CRYPTSP.dll
0x00007ffbba820000 - 0x00007ffbba855000 	C:\WINDOWS\system32\rsaenh.dll
0x00007ffbbae20000 - 0x00007ffbbae48000 	C:\WINDOWS\SYSTEM32\USERENV.dll
0x00007ffbbafa0000 - 0x00007ffbbafac000 	C:\WINDOWS\SYSTEM32\CRYPTBASE.dll
0x00007ffbba2d0000 - 0x00007ffbba2fd000 	C:\WINDOWS\SYSTEM32\IPHLPAPI.DLL
0x00007ffbbd7b0000 - 0x00007ffbbd7b9000 	C:\WINDOWS\System32\NSI.dll
0x00007ffbb78c0000 - 0x00007ffbb78d9000 	C:\WINDOWS\SYSTEM32\dhcpcsvc6.DLL
0x00007ffbb7540000 - 0x00007ffbb755f000 	C:\WINDOWS\SYSTEM32\dhcpcsvc.DLL
0x00007ffbba340000 - 0x00007ffbba442000 	C:\WINDOWS\SYSTEM32\DNSAPI.dll
0x00007ffb9c4d0000 - 0x00007ffb9c519000 	C:\Users\E2Ps ICT\AppData\Local\Temp\jna--477064758\jna10269805686718818810.dll
0x00007ffba3f00000 - 0x00007ffba3f0e000 	C:\Users\E2Ps ICT\.vscode\extensions\redhat.java-1.35.1-win32-x64\jre\17.0.12-win32-x86_64\bin\sunmscapi.dll
0x00007ffbbb780000 - 0x00007ffbbb8e6000 	C:\WINDOWS\System32\CRYPT32.dll
0x00007ffbbb140000 - 0x00007ffbbb16d000 	C:\WINDOWS\SYSTEM32\ncrypt.dll
0x00007ffbbb100000 - 0x00007ffbbb137000 	C:\WINDOWS\SYSTEM32\NTASN1.dll
0x00007ffbaf8e0000 - 0x00007ffbaf8ea000 	C:\Windows\System32\rasadhlp.dll
0x00007ffbb5190000 - 0x00007ffbb5213000 	C:\WINDOWS\System32\fwpuclnt.dll
0x00007ffba3ea0000 - 0x00007ffba3ea9000 	C:\Users\E2Ps ICT\.vscode\extensions\redhat.java-1.35.1-win32-x64\jre\17.0.12-win32-x86_64\bin\extnet.dll
0x00007ffbba9d0000 - 0x00007ffbbaa04000 	C:\WINDOWS\SYSTEM32\ntmarta.dll

dbghelp: loaded successfully - version: 4.0.5 - missing functions: none
symbol engine: initialized successfully - sym options: 0x614 - pdb path: .;c:\Users\E2Ps ICT\.vscode\extensions\redhat.java-1.35.1-win32-x64\jre\17.0.12-win32-x86_64\bin;C:\WINDOWS\SYSTEM32;C:\WINDOWS\WinSxS\amd64_microsoft.windows.common-controls_6595b64144ccf1df_6.0.22621.3672_none_2713b9d173822955;c:\Users\E2Ps ICT\.vscode\extensions\redhat.java-1.35.1-win32-x64\jre\17.0.12-win32-x86_64\bin\server;C:\Users\E2Ps ICT\AppData\Roaming\Code\User\globalStorage\redhat.java\1.35.1\config_win\org.eclipse.equinox.launcher\org.eclipse.equinox.launcher.win32.win32.x86_64_1.2.1100.v20240722-2106;C:\Users\E2Ps ICT\AppData\Local\Temp\jna--477064758

VM Arguments:
jvm_args: --add-modules=ALL-SYSTEM --add-opens=java.base/java.util=ALL-UNNAMED --add-opens=java.base/java.lang=ALL-UNNAMED --add-opens=java.base/sun.nio.fs=ALL-UNNAMED -Declipse.application=org.eclipse.jdt.ls.core.id1 -Dosgi.bundles.defaultStartLevel=4 -Declipse.product=org.eclipse.jdt.ls.core.product -Djava.import.generatesMetadataFilesAtProjectRoot=false -DDetectVMInstallationsJob.disabled=true -Dfile.encoding=utf8 -XX:+UseParallelGC -XX:GCTimeRatio=4 -XX:AdaptiveSizePolicyWeight=90 -Dsun.zip.disableMemoryMapping=true -Xmx1G -Xms100m -Xlog:disable -javaagent:c:\Users\E2Ps ICT\.vscode\extensions\redhat.java-1.35.1-win32-x64\lombok\lombok-1.18.33.jar -XX:+HeapDumpOnOutOfMemoryError -XX:HeapDumpPath=c:\Users\E2Ps ICT\AppData\Roaming\Code\User\workspaceStorage\46580c9d7ca4c0be0d2304e6dc7d4468\redhat.java -Daether.dependencyCollector.impl=bf 
java_command: c:\Users\E2Ps ICT\.vscode\extensions\redhat.java-1.35.1-win32-x64\server\plugins\org.eclipse.equinox.launcher_1.6.900.v20240613-2009.jar -configuration c:\Users\E2Ps ICT\AppData\Roaming\Code\User\globalStorage\redhat.java\1.35.1\config_win -data c:\Users\E2Ps ICT\AppData\Roaming\Code\User\workspaceStorage\46580c9d7ca4c0be0d2304e6dc7d4468\redhat.java\jdt_ws --pipe=\\.\pipe\lsp-99579f81ead1725a59c6e7ae70dfc965-sock
java_class_path (initial): c:\Users\E2Ps ICT\.vscode\extensions\redhat.java-1.35.1-win32-x64\server\plugins\org.eclipse.equinox.launcher_1.6.900.v20240613-2009.jar
Launcher Type: SUN_STANDARD

[Global flags]
    uintx AdaptiveSizePolicyWeight                 = 90                                        {product} {command line}
     intx CICompilerCount                          = 12                                        {product} {ergonomic}
    uintx GCTimeRatio                              = 4                                         {product} {command line}
     bool HeapDumpOnOutOfMemoryError               = true                                   {manageable} {command line}
    ccstr HeapDumpPath                             = c:\Users\E2Ps ICT\AppData\Roaming\Code\User\workspaceStorage\46580c9d7ca4c0be0d2304e6dc7d4468\redhat.java         {manageable} {command line}
   size_t InitialHeapSize                          = 104857600                                 {product} {command line}
   size_t MaxHeapSize                              = 1073741824                                {product} {command line}
   size_t MaxNewSize                               = 357564416                                 {product} {ergonomic}
   size_t MinHeapDeltaBytes                        = 524288                                    {product} {ergonomic}
   size_t MinHeapSize                              = 104857600                                 {product} {command line}
   size_t NewSize                                  = 34603008                                  {product} {ergonomic}
    uintx NonNMethodCodeHeapSize                   = 7602480                                {pd product} {ergonomic}
    uintx NonProfiledCodeHeapSize                  = 122027880                              {pd product} {ergonomic}
   size_t OldSize                                  = 70254592                                  {product} {ergonomic}
    uintx ProfiledCodeHeapSize                     = 122027880                              {pd product} {ergonomic}
    uintx ReservedCodeCacheSize                    = 251658240                              {pd product} {ergonomic}
     bool SegmentedCodeCache                       = true                                      {product} {ergonomic}
   size_t SoftMaxHeapSize                          = 1073741824                             {manageable} {ergonomic}
     bool UseCompressedClassPointers               = true                           {product lp64_product} {ergonomic}
     bool UseCompressedOops                        = true                           {product lp64_product} {ergonomic}
     bool UseLargePagesIndividualAllocation        = false                                  {pd product} {ergonomic}
     bool UseParallelGC                            = true                                      {product} {command line}

Logging:
Log output configuration:
 #0: stdout all=off uptime,level,tags
 #1: stderr all=off uptime,level,tags

Environment Variables:
JAVA_HOME=C:\Program Files\Eclipse Adoptium\jdk-21.0.4.7-hotspot\
PATH=C:\Program Files\Eclipse Adoptium\jdk-21.0.4.7-hotspot\bin;C:\Program Files\Eclipse Adoptium\jre-17.0.12.7-hotspot\bin;C:\Program Files\Eclipse Adoptium\jdk-17.0.12.7-hotspot\bin;C:\WINDOWS\system32;C:\WINDOWS;C:\WINDOWS\System32\Wbem;C:\WINDOWS\System32\WindowsPowerShell\v1.0\;C:\WINDOWS\System32\OpenSSH\;C:\Program Files\apache-maven-3.9.9\bin;C:\Program Files\Git\cmd;C:\Users\E2Ps ICT\AppData\Local\Microsoft\WindowsApps;C:\Users\E2Ps ICT\AppData\Local\Programs\Microsoft VS Code\bin
USERNAME=E2Ps ICT
OS=Windows_NT
PROCESSOR_IDENTIFIER=Intel64 Family 6 Model 151 Stepping 2, GenuineIntel
TMP=C:\Users\E2PSIC~1\AppData\Local\Temp
TEMP=C:\Users\E2PSIC~1\AppData\Local\Temp



Periodic native trim disabled


---------------  S Y S T E M  ---------------

OS:
 Windows 11 , 64 bit Build 22621 (10.0.22621.3958)
OS uptime: 6 days 20:24 hours

CPU: total 20 (initial active 20) (10 cores per cpu, 2 threads per core) family 6 model 151 stepping 2 microcode 0x26, cx8, cmov, fxsr, ht, mmx, 3dnowpref, sse, sse2, sse3, ssse3, sse4.1, sse4.2, popcnt, lzcnt, tsc, tscinvbit, avx, avx2, aes, erms, clmul, bmi1, bmi2, adx, sha, fma, vzeroupper, clflush, clflushopt, clwb
Processor Information for all 20 processors :
  Max Mhz: 3600, Current Mhz: 3600, Mhz Limit: 3600

Memory: 4k page, system-wide physical 32538M (24462M free)
TotalPageFile size 37402M (AvailPageFile size 28881M)
current process WorkingSet (physical memory assigned to process): 735M, peak: 930M
current process commit charge ("private bytes"): 646M, peak: 919M

vm_info: OpenJDK 64-Bit Server VM (17.0.12+7) for windows-amd64 JRE (17.0.12+7), built on Jul 16 2024 22:08:24 by "admin" with MS VC++ 16.10 / 16.11 (VS2019)

END.
